00:02.937  blend            | Read blend: "E:\MOdel\要確認モデル\QueenMarika_Rigged_MustardUI.blend"
Cannot read ARP prefs
Update armature presets...

=== fit_helena_to_qm ===
  Helena blend : E:/Helena_Douglas_1.10.blend
  Helena body  : Body
  Helena dress : Helena Default - Dress
  QM body      : Queen Marika Body
  QM armature  : QueenMarika_rig
  output blend : E:/MOdel/Helena_to_QM_fitted.blend

[0] QM scene objects:
  QM body OK: Queen Marika Body verts=24328
  QM armature OK: QueenMarika_rig
  QM armature location: (0.0, 0.0, 0.0)
  QM body location: (0.0, 0.0, 0.0)

[1] Append Helena objects from E:/Helena_Douglas_1.10.blend
  Loaded objects: ['Helena Default - Dress', 'Body']
  Helena body: Body verts=25903
  Helena dress: Helena Default - Dress verts=12698
  Helena armature reference: Helena

[2] Align Helena body/dress to QM origin
  QM body center: (0.0, -0.048, 0.838)
  Helena body center: (0.0, -0.008, 0.829)
  Delta: (0.0, -0.041, 0.009)
  Body is child of armature → skip (follows via parent)
  Helena Default - Dress is child of armature → skip (follows via parent)
  moved Helena by delta
  Helena body center after: (0.0, -0.048, 0.838)

[3] Add Shrinkwrap on Helena body (disabled initially)
  Disabled 9 existing modifiers on Helena body
  Added Shrinkwrap: target=Queen Marika Body, method=NEAREST_SURFACEPOINT

[4] Add Mesh Deform on dress and bind
  Cleared 2 shape keys from dress
  Disabled dress armature mod: Armature
  Added MeshDeform: cage=Body, precision=5
  Binding MeshDeform (this may take a while)...
  Bind done. is_bound=True

[5] Enable Shrinkwrap on Helena body
  SW_QM enabled. Body now deforms to QM shape.

[6] Apply Mesh Deform on dress
  MeshDeform moved to top of stack
  MeshDeform applied on dress. Dress is now fitted to QM body shape.

[7] Re-bind dress to QM armature
  Armature modifier object set to QueenMarika_rig
  VG: kept(same name)=0, renamed=35, removed(unmapped)=263

[8] Cleanup: remove Helena armature and body
  Removed Helena armature
  Removed Helena body
  Dress parented to QueenMarika_rig
  Dress renamed: Helena Default - Dress (fit QM)

[9] Save as E:/MOdel/Helena_to_QM_fitted.blend
情報: 「Helena_to_QM_fitted.blend」で保存しました
  Saved.

=== DONE ===
Blender 5.0.1 (hash a3db93c5b259 built 2025-12-16 01:32:30)

Blender quit
