00:02.360  blend            | Read blend: "E:\MOdel\要確認モデル\QueenMarika_Rigged_MustardUI.blend"
Cannot read ARP prefs
Update armature presets...

=== fit_helena_to_qm V4 (body-coincident) ===
  offset: 3.0mm outside QM surface
  out: E:/MOdel/Helena_to_QM_fitted_v4.blend

[1] Append Helena
  dress=Helena Default - Dress arm=Helena

[2] Origin align
  delta: (0.0, -0.041, 0.009)

[3] LBS retarget dress
  bone transforms: 443
  zero-weight: 0

[4] Shrinkwrap dress to QM body
  cleared 2 shape keys
  SW: NEAREST_SURFACEPOINT offset=0.003

[5] Apply Shrinkwrap
  applied

[6] Safety check: count any still-inside verts
  still inside after SW: 6115 (pushed 6115)

[7] Re-parent + VG rename
  VG: kept=0 renamed=24 merged=11 removed=263

[8] Cleanup + save
情報: 「Helena_to_QM_fitted_v4.blend」で保存しました

=== DONE: E:/MOdel/Helena_to_QM_fitted_v4.blend ===
Blender 5.0.1 (hash a3db93c5b259 built 2025-12-16 01:32:30)

Blender quit
