00:02.641  blend            | Read blend: "E:\MOdel\要確認モデル\QueenMarika_Rigged_MustardUI.blend"
Cannot read ARP prefs
Update armature presets...

=== fit_helena_to_qm V7 (bone-region restricted) ===
  min offset: 3.0mm

[1] Append Helena

[2] Origin align delta: (0.0, -0.041, 0.009)

[3] LBS retarget body + dress
  bone transforms: 443/1150
  body zero-weight: 4537
  dress zero-weight: 0

[4] Build per-bone regions
  Building per-bone BVH for QM body...
  QM bones with faces: 156

[5] Transfer dress verts (bone-region restricted)
  mappable Helena bones for primary detection: 443
  cleared 2 dress shape keys
  matched region: 12698, fallback full: 0
  clamped to min offset: 5135, no hit: 0

[6] VG rename + re-parent
  VG: kept=0 renamed=24 merged=11 removed=263
情報: 「Helena_to_QM_fitted_v7.blend」で保存しました

=== DONE: E:/MOdel/Helena_to_QM_fitted_v7.blend ===
Blender 5.0.1 (hash a3db93c5b259 built 2025-12-16 01:32:30)

Blender quit
