00:02.516  blend            | Read blend: "E:\MOdel\要確認モデル\QueenMarika_Rigged_MustardUI.blend"
Cannot read ARP prefs
Update armature presets...

=== fit_helena_to_qm V2 ===
  Helena blend : E:/Helena_Douglas_1.10.blend
  Helena body  : Body
  Helena dress : Helena Default - Dress
  QM body      : Queen Marika Body
  QM armature  : QueenMarika_rig
  output blend : E:/MOdel/Helena_to_QM_fitted_v2.blend

[0] QM scene objects:
  QM body OK: Queen Marika Body  arm OK: QueenMarika_rig

[1] Append Helena objects
  Helena body=Body dress=Helena Default - Dress arm=Helena

[2] Align Helena to QM origin
  QM center: (0.0, -0.048, 0.838)
  Helena center: (0.0, -0.008, 0.829)
  Delta: (0.0, -0.041, 0.009)
  Helena center after: (0.0, -0.048, 0.838)

[3] LBS retarget Helena meshes to QM rest pose
  bone transforms: 443/1150
    Body: retargeted (4537 verts had no mapped weights)
    Helena Default - Dress: retargeted (0 verts had no mapped weights)

[4] Add Shrinkwrap on Helena body (disabled)
  SW added

[5] Mesh Deform on dress, bind
  cleared 2 shape keys
  bind ok. is_bound=True

[6] Enable Shrinkwrap

[7] Apply Mesh Deform on dress
  applied

[8] Re-bind dress to QM armature
  VG: kept=0 renamed=24 merged=11 removed=263

[9] Cleanup
  dress renamed: Helena Default - Dress (fit QM v2)

[10] Save
情報: 「Helena_to_QM_fitted_v2.blend」で保存しました

=== DONE ===
Blender 5.0.1 (hash a3db93c5b259 built 2025-12-16 01:32:30)

Blender quit
