00:03.094  blend            | Read blend: "E:\MOdel\要確認モデル\QueenMarika_Rigged_MustardUI.blend"
Cannot read ARP prefs
Update armature presets...

=== fit_helena_to_qm V5 (thickness-preserving) ===
  min offset: 3.0mm
  out: E:/MOdel/Helena_to_QM_fitted_v5.blend

[1] Append Helena

[2] Origin align
  delta: (0.0, -0.041, 0.009)

[3] LBS retarget body + dress to QM pose
  bone transforms: 443/1150
  body zero-weight: 4537, dress zero-weight: 0
  cleared 2 shape keys

[5] Record Helena-body signed distances
  signed distance dist: inside=3348, 0-10mm=5701, 10-50mm=3610, >50mm=39

[6] Transfer to QM body surface with preserved distance
  moved: 12698, clamped-to-min-offset: 4861, no-qm-hit: 0

[7] VG rename + re-parent to QM armature
  VG: kept=0 renamed=24 merged=11 removed=263

[8] Cleanup + save
情報: 「Helena_to_QM_fitted_v5.blend」で保存しました

=== DONE: E:/MOdel/Helena_to_QM_fitted_v5.blend ===
Blender 5.0.1 (hash a3db93c5b259 built 2025-12-16 01:32:30)

Blender quit
