00:02.735  blend            | Read blend: "E:\MOdel\Helena_to_QM_fitted_v8.blend"
C:\Users\user\developsecond\contactform\scripts\blender\fitting\render_fit_check.py:76: DeprecationWarning: 'Material.use_nodes' is expected to be removed in Blender 6.0
  dress_mat.use_nodes = True
C:\Users\user\developsecond\contactform\scripts\blender\fitting\render_fit_check.py:90: DeprecationWarning: 'Material.use_nodes' is expected to be removed in Blender 6.0
  body_mat.use_nodes = True
C:\Users\user\developsecond\contactform\scripts\blender\fitting\render_fit_check.py:138: DeprecationWarning: 'World.use_nodes' is expected to be removed in Blender 6.0
  scene.world.use_nodes = True
01:22.391  render           | Saved: 'C:\tmp\fit\renders_v8\front.png'
01:33.281  render           | Saved: 'C:\tmp\fit\renders_v8\back.png'
01:41.172  render           | Saved: 'C:\tmp\fit\renders_v8\side_r.png'
01:49.219  render           | Saved: 'C:\tmp\fit\renders_v8\perspective.png'
Cannot read ARP prefs
Update armature presets...
  QM body: Queen Marika Body  Dress: Helena Default - Dress (fit QM v8)
  QM body bbox: (-0.67, -0.21, -0.01) .. (0.67, 0.11, 1.69)
  Dress bbox: (-0.49, -0.26, 0.65) .. (0.49, 0.29, 1.48)
  scene center: (0.0, 0.02, 0.84) size: (1.33, 0.55, 1.7)
  rendering front -> tmp/fit/renders_v8\front.png
  rendering back -> tmp/fit/renders_v8\back.png
  rendering side_r -> tmp/fit/renders_v8\side_r.png
  rendering perspective -> tmp/fit/renders_v8\perspective.png

=== DONE ===
Blender 5.0.1 (hash a3db93c5b259 built 2025-12-16 01:32:30)
scripts disabled for "E:\MOdel\Helena_to_QM_fitted_v8.blend", skipping 'mustard_ui.py'

Blender quit
