00:03.031  blend            | Read blend: "E:\MOdel\Helena_to_QM_fitted_v7.blend"
C:\Users\user\developsecond\contactform\scripts\blender\fitting\render_fit_check.py:76: DeprecationWarning: 'Material.use_nodes' is expected to be removed in Blender 6.0
  dress_mat.use_nodes = True
C:\Users\user\developsecond\contactform\scripts\blender\fitting\render_fit_check.py:90: DeprecationWarning: 'Material.use_nodes' is expected to be removed in Blender 6.0
  body_mat.use_nodes = True
C:\Users\user\developsecond\contactform\scripts\blender\fitting\render_fit_check.py:138: DeprecationWarning: 'World.use_nodes' is expected to be removed in Blender 6.0
  scene.world.use_nodes = True
01:34.828  render           | Saved: 'C:\tmp\fit\renders_v7\front.png'
01:48.203  render           | Saved: 'C:\tmp\fit\renders_v7\back.png'
01:58.109  render           | Saved: 'C:\tmp\fit\renders_v7\side_r.png'
02:10.312  render           | Saved: 'C:\tmp\fit\renders_v7\perspective.png'
Cannot read ARP prefs
Update armature presets...
  QM body: Queen Marika Body  Dress: Helena Default - Dress (fit QM v7)
  QM body bbox: (-0.67, -0.21, -0.01) .. (0.67, 0.11, 1.69)
  Dress bbox: (-0.47, -0.14, 0.66) .. (0.47, 0.15, 1.48)
  scene center: (0.0, -0.03, 0.84) size: (1.33, 0.37, 1.7)
  rendering front -> tmp/fit/renders_v7\front.png
  rendering back -> tmp/fit/renders_v7\back.png
  rendering side_r -> tmp/fit/renders_v7\side_r.png
  rendering perspective -> tmp/fit/renders_v7\perspective.png

=== DONE ===
Blender 5.0.1 (hash a3db93c5b259 built 2025-12-16 01:32:30)
scripts disabled for "E:\MOdel\Helena_to_QM_fitted_v7.blend", skipping 'mustard_ui.py'

Blender quit
