00:02.328  blend            | Read blend: "E:\MOdel\Helena_to_QM_fitted_v9.blend"
C:\Users\user\developsecond\contactform\scripts\blender\fitting\render_fit_check.py:76: DeprecationWarning: 'Material.use_nodes' is expected to be removed in Blender 6.0
  dress_mat.use_nodes = True
C:\Users\user\developsecond\contactform\scripts\blender\fitting\render_fit_check.py:90: DeprecationWarning: 'Material.use_nodes' is expected to be removed in Blender 6.0
  body_mat.use_nodes = True
C:\Users\user\developsecond\contactform\scripts\blender\fitting\render_fit_check.py:142: DeprecationWarning: 'World.use_nodes' is expected to be removed in Blender 6.0
  scene.world.use_nodes = True
00:43.687  render           | Saved: 'C:\tmp\fit\renders_v9\front.png'
00:49.859  render           | Saved: 'C:\tmp\fit\renders_v9\front_dressonly.png'
00:55.875  render           | Saved: 'C:\tmp\fit\renders_v9\front_bodyonly.png'
01:02.687  render           | Saved: 'C:\tmp\fit\renders_v9\back.png'
01:08.719  render           | Saved: 'C:\tmp\fit\renders_v9\back_dressonly.png'
01:14.719  render           | Saved: 'C:\tmp\fit\renders_v9\back_bodyonly.png'
01:20.750  render           | Saved: 'C:\tmp\fit\renders_v9\side_r.png'
01:25.469  render           | Saved: 'C:\tmp\fit\renders_v9\side_r_dressonly.png'
01:30.031  render           | Saved: 'C:\tmp\fit\renders_v9\side_r_bodyonly.png'
01:37.016  render           | Saved: 'C:\tmp\fit\renders_v9\perspective.png'
01:42.969  render           | Saved: 'C:\tmp\fit\renders_v9\perspective_dressonly.png'
01:48.719  render           | Saved: 'C:\tmp\fit\renders_v9\perspective_bodyonly.png'
Cannot read ARP prefs
Update armature presets...
  QM body: Queen Marika Body  Dress: Helena Default - Dress (fit QM v9)
  QM body bbox: (-0.67, -0.21, -0.01) .. (0.67, 0.11, 1.69)
  Dress bbox: (-0.46, -0.13, 0.68) .. (0.46, 0.14, 1.48)
  scene center: (0.0, -0.03, 0.84) size: (1.33, 0.35, 1.7)
  dress material slots: 1
  body material slots: 1
  rendering front -> tmp/fit/renders_v9\front.png
  rendering front dress only -> tmp/fit/renders_v9\front_dressonly.png
  rendering front body only -> tmp/fit/renders_v9\front_bodyonly.png
  rendering back -> tmp/fit/renders_v9\back.png
  rendering back dress only -> tmp/fit/renders_v9\back_dressonly.png
  rendering back body only -> tmp/fit/renders_v9\back_bodyonly.png
  rendering side_r -> tmp/fit/renders_v9\side_r.png
  rendering side_r dress only -> tmp/fit/renders_v9\side_r_dressonly.png
  rendering side_r body only -> tmp/fit/renders_v9\side_r_bodyonly.png
  rendering perspective -> tmp/fit/renders_v9\perspective.png
  rendering perspective dress only -> tmp/fit/renders_v9\perspective_dressonly.png
  rendering perspective body only -> tmp/fit/renders_v9\perspective_bodyonly.png

=== DONE ===
Blender 5.0.1 (hash a3db93c5b259 built 2025-12-16 01:32:30)
scripts disabled for "E:\MOdel\Helena_to_QM_fitted_v9.blend", skipping 'mustard_ui.py'

Blender quit
