00:02.422  blend            | Read blend: "E:\MOdel\Helena_to_QM_fitted_v7.blend"
C:\Users\user\developsecond\contactform\scripts\blender\fitting\render_fit_check.py:76: DeprecationWarning: 'Material.use_nodes' is expected to be removed in Blender 6.0
  dress_mat.use_nodes = True
C:\Users\user\developsecond\contactform\scripts\blender\fitting\render_fit_check.py:90: DeprecationWarning: 'Material.use_nodes' is expected to be removed in Blender 6.0
  body_mat.use_nodes = True
C:\Users\user\developsecond\contactform\scripts\blender\fitting\render_fit_check.py:142: DeprecationWarning: 'World.use_nodes' is expected to be removed in Blender 6.0
  scene.world.use_nodes = True
01:25.250  render           | Saved: 'C:\tmp\fit\renders_v7_iso\front.png'
01:33.266  render           | Saved: 'C:\tmp\fit\renders_v7_iso\front_dressonly.png'
01:39.813  render           | Saved: 'C:\tmp\fit\renders_v7_iso\front_bodyonly.png'
01:49.563  render           | Saved: 'C:\tmp\fit\renders_v7_iso\back.png'
01:55.375  render           | Saved: 'C:\tmp\fit\renders_v7_iso\back_dressonly.png'
02:00.360  render           | Saved: 'C:\tmp\fit\renders_v7_iso\back_bodyonly.png'
02:07.344  render           | Saved: 'C:\tmp\fit\renders_v7_iso\side_r.png'
02:16.094  render           | Saved: 'C:\tmp\fit\renders_v7_iso\side_r_dressonly.png'
02:20.969  render           | Saved: 'C:\tmp\fit\renders_v7_iso\side_r_bodyonly.png'
02:28.469  render           | Saved: 'C:\tmp\fit\renders_v7_iso\perspective.png'
02:34.985  render           | Saved: 'C:\tmp\fit\renders_v7_iso\perspective_dressonly.png'
02:40.204  render           | Saved: 'C:\tmp\fit\renders_v7_iso\perspective_bodyonly.png'
Cannot read ARP prefs
Update armature presets...
  QM body: Queen Marika Body  Dress: Helena Default - Dress (fit QM v7)
  QM body bbox: (-0.67, -0.21, -0.01) .. (0.67, 0.11, 1.69)
  Dress bbox: (-0.47, -0.14, 0.66) .. (0.47, 0.15, 1.48)
  scene center: (0.0, -0.03, 0.84) size: (1.33, 0.37, 1.7)
  dress material slots: 1
  body material slots: 1
  rendering front -> tmp/fit/renders_v7_iso\front.png
  rendering front dress only -> tmp/fit/renders_v7_iso\front_dressonly.png
  rendering front body only -> tmp/fit/renders_v7_iso\front_bodyonly.png
  rendering back -> tmp/fit/renders_v7_iso\back.png
  rendering back dress only -> tmp/fit/renders_v7_iso\back_dressonly.png
  rendering back body only -> tmp/fit/renders_v7_iso\back_bodyonly.png
  rendering side_r -> tmp/fit/renders_v7_iso\side_r.png
  rendering side_r dress only -> tmp/fit/renders_v7_iso\side_r_dressonly.png
  rendering side_r body only -> tmp/fit/renders_v7_iso\side_r_bodyonly.png
  rendering perspective -> tmp/fit/renders_v7_iso\perspective.png
  rendering perspective dress only -> tmp/fit/renders_v7_iso\perspective_dressonly.png
  rendering perspective body only -> tmp/fit/renders_v7_iso\perspective_bodyonly.png

=== DONE ===
Blender 5.0.1 (hash a3db93c5b259 built 2025-12-16 01:32:30)
scripts disabled for "E:\MOdel\Helena_to_QM_fitted_v7.blend", skipping 'mustard_ui.py'

Blender quit
