00:02.422  blend            | Read blend: "E:\MOdel\Helena_to_QM_fitted_v14.blend"
C:\Users\user\developsecond\contactform\scripts\blender\fitting\render_fit_check.py:76: DeprecationWarning: 'Material.use_nodes' is expected to be removed in Blender 6.0
  dress_mat.use_nodes = True
C:\Users\user\developsecond\contactform\scripts\blender\fitting\render_fit_check.py:90: DeprecationWarning: 'Material.use_nodes' is expected to be removed in Blender 6.0
  body_mat.use_nodes = True
C:\Users\user\developsecond\contactform\scripts\blender\fitting\render_fit_check.py:142: DeprecationWarning: 'World.use_nodes' is expected to be removed in Blender 6.0
  scene.world.use_nodes = True
00:52.781  render           | Saved: 'C:\tmp\fit\renders_v14\front.png'
01:02.516  render           | Saved: 'C:\tmp\fit\renders_v14\front_dressonly.png'
01:09.937  render           | Saved: 'C:\tmp\fit\renders_v14\front_bodyonly.png'
01:17.469  render           | Saved: 'C:\tmp\fit\renders_v14\back.png'
01:23.859  render           | Saved: 'C:\tmp\fit\renders_v14\back_dressonly.png'
01:29.484  render           | Saved: 'C:\tmp\fit\renders_v14\back_bodyonly.png'
01:36.469  render           | Saved: 'C:\tmp\fit\renders_v14\side_r.png'
01:43.484  render           | Saved: 'C:\tmp\fit\renders_v14\side_r_dressonly.png'
01:49.281  render           | Saved: 'C:\tmp\fit\renders_v14\side_r_bodyonly.png'
01:58.766  render           | Saved: 'C:\tmp\fit\renders_v14\perspective.png'
02:05.656  render           | Saved: 'C:\tmp\fit\renders_v14\perspective_dressonly.png'
02:11.125  render           | Saved: 'C:\tmp\fit\renders_v14\perspective_bodyonly.png'
Cannot read ARP prefs
Update armature presets...
  QM body: Queen Marika Body  Dress: Helena Default - Dress (fit QM v14 LBS-only)
  QM body bbox: (-0.67, -0.21, -0.01) .. (0.67, 0.11, 1.69)
  Dress bbox: (-0.49, -0.13, 0.65) .. (0.49, 0.16, 1.48)
  scene center: (0.0, -0.02, 0.84) size: (1.33, 0.38, 1.7)
  dress material slots: 1
  body material slots: 1
  rendering front -> tmp/fit/renders_v14\front.png
  rendering front dress only -> tmp/fit/renders_v14\front_dressonly.png
  rendering front body only -> tmp/fit/renders_v14\front_bodyonly.png
  rendering back -> tmp/fit/renders_v14\back.png
  rendering back dress only -> tmp/fit/renders_v14\back_dressonly.png
  rendering back body only -> tmp/fit/renders_v14\back_bodyonly.png
  rendering side_r -> tmp/fit/renders_v14\side_r.png
  rendering side_r dress only -> tmp/fit/renders_v14\side_r_dressonly.png
  rendering side_r body only -> tmp/fit/renders_v14\side_r_bodyonly.png
  rendering perspective -> tmp/fit/renders_v14\perspective.png
  rendering perspective dress only -> tmp/fit/renders_v14\perspective_dressonly.png
  rendering perspective body only -> tmp/fit/renders_v14\perspective_bodyonly.png

=== DONE ===
Blender 5.0.1 (hash a3db93c5b259 built 2025-12-16 01:32:30)
scripts disabled for "E:\MOdel\Helena_to_QM_fitted_v14.blend", skipping 'mustard_ui.py'

Blender quit
