00:02.438  blend            | Read blend: "E:\MOdel\Helena_to_QM_fitted_v16.blend"
C:\Users\user\developsecond\contactform\scripts\blender\fitting\render_fit_check.py:76: DeprecationWarning: 'Material.use_nodes' is expected to be removed in Blender 6.0
  dress_mat.use_nodes = True
C:\Users\user\developsecond\contactform\scripts\blender\fitting\render_fit_check.py:90: DeprecationWarning: 'Material.use_nodes' is expected to be removed in Blender 6.0
  body_mat.use_nodes = True
C:\Users\user\developsecond\contactform\scripts\blender\fitting\render_fit_check.py:142: DeprecationWarning: 'World.use_nodes' is expected to be removed in Blender 6.0
  scene.world.use_nodes = True
01:10.969  render           | Saved: 'C:\tmp\fit\renders_v16\front.png'
01:24.985  render           | Saved: 'C:\tmp\fit\renders_v16\front_dressonly.png'
01:33.907  render           | Saved: 'C:\tmp\fit\renders_v16\front_bodyonly.png'
01:50.485  render           | Saved: 'C:\tmp\fit\renders_v16\back.png'
02:02.829  render           | Saved: 'C:\tmp\fit\renders_v16\back_dressonly.png'
02:10.391  render           | Saved: 'C:\tmp\fit\renders_v16\back_bodyonly.png'
02:19.891  render           | Saved: 'C:\tmp\fit\renders_v16\side_r.png'
02:28.766  render           | Saved: 'C:\tmp\fit\renders_v16\side_r_dressonly.png'
02:34.985  render           | Saved: 'C:\tmp\fit\renders_v16\side_r_bodyonly.png'
02:45.422  render           | Saved: 'C:\tmp\fit\renders_v16\perspective.png'
02:54.782  render           | Saved: 'C:\tmp\fit\renders_v16\perspective_dressonly.png'
03:02.125  render           | Saved: 'C:\tmp\fit\renders_v16\perspective_bodyonly.png'
Cannot read ARP prefs
Update armature presets...
  QM body: Queen Marika Body  Dress: Helena Default - Dress (fit QM v16)
  QM body bbox: (-0.67, -0.21, -0.01) .. (0.67, 0.11, 1.69)
  Dress bbox: (-0.64, -0.23, 0.15) .. (0.64, 0.22, 1.67)
  scene center: (0.0, -0.0, 0.84) size: (1.33, 0.44, 1.7)
  dress material slots: 1
  body material slots: 1
  rendering front -> tmp/fit/renders_v16\front.png
  rendering front dress only -> tmp/fit/renders_v16\front_dressonly.png
  rendering front body only -> tmp/fit/renders_v16\front_bodyonly.png
  rendering back -> tmp/fit/renders_v16\back.png
  rendering back dress only -> tmp/fit/renders_v16\back_dressonly.png
  rendering back body only -> tmp/fit/renders_v16\back_bodyonly.png
  rendering side_r -> tmp/fit/renders_v16\side_r.png
  rendering side_r dress only -> tmp/fit/renders_v16\side_r_dressonly.png
  rendering side_r body only -> tmp/fit/renders_v16\side_r_bodyonly.png
  rendering perspective -> tmp/fit/renders_v16\perspective.png
  rendering perspective dress only -> tmp/fit/renders_v16\perspective_dressonly.png
  rendering perspective body only -> tmp/fit/renders_v16\perspective_bodyonly.png

=== DONE ===
Blender 5.0.1 (hash a3db93c5b259 built 2025-12-16 01:32:30)
scripts disabled for "E:\MOdel\Helena_to_QM_fitted_v16.blend", skipping 'mustard_ui.py'

Blender quit
