00:01.860  blend            | Read blend: "E:\MOdel\Helena_to_QM_fitted_v4.blend"
Cannot read ARP prefs
Update armature presets...

=== voxelize_mustardui ===
  out_dir: public/box5/qm_mustardui
  resolution: 250
  mesh: Helena Default - Dress (fit QM v4)
  prefix: helena_default_dress
  surface-threshold: 0.9 (× voxel_size)
  Armature: QueenMarika_rig (853 bones)
  skeleton.json exists: skip
  Visible rigged meshes: 13
  grid.json exists: 196x69x251, voxel_size=0.00705

  Target: Helena Default - Dress (fit QM v4) (12698 verts)
    Mat 'Material': HELCOS001_A02_KIDSALB.PNG
    Mat 'Material.004': HELCOS001_B03_KIDSALB.PNG
    Mat 'Material.005': HELCOS001_C01_KIDSOCC.PNG
  Triangulated: 24546 tris, uv=yes
  Mapped vertex groups -> bones: 24/24
  Pass 1: surface sampling (threshold = 0.9 × voxel_size)...
    surface: 43351 voxels (4.7s)
  Pass 2: parity ray cast for interior...
    column 0/196 interior so far: 0
    column 20/196 interior so far: 0
    column 40/196 interior so far: 196
    column 60/196 interior so far: 1130
    column 80/196 interior so far: 4493
    column 100/196 interior so far: 10708
    column 120/196 interior so far: 17587
    column 140/196 interior so far: 19030
    column 160/196 interior so far: 19824
    column 180/196 interior so far: 19829
    interior: 19829 voxels (1.0s)
  TOTAL: 63180 voxels
  -> public/box5/qm_mustardui\helena_default_dress.vox (196x69x251, 63180 voxels, 166 colors)
  -> public/box5/qm_mustardui\helena_default_dress.weights.json (19 unique bones)

  Top bones by voxel weight-sum:
    c_spine_03_bend.x: 11110.0
    c_root_bend.x: 10072.2
    c_thigh_stretch.l: 6592.5
    c_thigh_stretch.r: 6281.6
    c_spine_02_bend.x: 4445.1
    c_spine_01_bend.x: 3578.3
    c_arm_stretch.l: 2592.5
    c_arm_stretch.r: 2403.6
    breast_l: 2243.9
    breast_r: 2229.9

  Done in 17.2s
Blender 5.0.1 (hash a3db93c5b259 built 2025-12-16 01:32:30)
scripts disabled for "E:\MOdel\Helena_to_QM_fitted_v4.blend", skipping 'mustard_ui.py'

Blender quit
