00:02.344  blend            | Read blend: "E:\MOdel\Helena_to_QM_fitted_v7.blend"
Cannot read ARP prefs
Update armature presets...

=== voxelize_mustardui ===
  out_dir: public/box5/qm_mustardui
  resolution: 250
  mesh: Helena Default - Dress (fit QM v7)
  prefix: helena_default_dress
  surface-threshold: 0.9 (× voxel_size)
  Armature: QueenMarika_rig (853 bones)
  skeleton.json exists: skip
  Visible rigged meshes: 13
  grid.json exists: 196x69x251, voxel_size=0.00705

  Target: Helena Default - Dress (fit QM v7) (12698 verts)
    Mat 'Material': HELCOS001_A02_KIDSALB.PNG
    Mat 'Material.004': HELCOS001_B03_KIDSALB.PNG
    Mat 'Material.005': HELCOS001_C01_KIDSOCC.PNG
  Triangulated: 24546 tris, uv=yes
  Mapped vertex groups -> bones: 24/24
  Pass 1: surface sampling (threshold = 0.9 × voxel_size)...
    surface: 52480 voxels (5.4s)
  Pass 2: parity ray cast for interior...
    column 0/196 interior so far: 0
    column 20/196 interior so far: 0
    column 40/196 interior so far: 374
    column 60/196 interior so far: 1889
    column 80/196 interior so far: 4751
    column 100/196 interior so far: 10663
    column 120/196 interior so far: 17143
    column 140/196 interior so far: 19006
    column 160/196 interior so far: 20411
    column 180/196 interior so far: 20411
    interior: 20411 voxels (1.1s)
  TOTAL: 72891 voxels
  -> public/box5/qm_mustardui\helena_default_dress.vox (196x69x251, 72891 voxels, 163 colors)
  -> public/box5/qm_mustardui\helena_default_dress.weights.json (19 unique bones)

  Top bones by voxel weight-sum:
    c_spine_03_bend.x: 12571.5
    c_root_bend.x: 9540.7
    c_thigh_stretch.l: 6447.8
    c_thigh_stretch.r: 6054.4
    c_spine_02_bend.x: 5011.3
    c_spine_01_bend.x: 3765.9
    c_arm_stretch.l: 3619.1
    c_arm_stretch.r: 3548.4
    c_forearm_stretch.r: 2975.3
    breast_r: 2923.0

  Done in 19.6s
Blender 5.0.1 (hash a3db93c5b259 built 2025-12-16 01:32:30)
scripts disabled for "E:\MOdel\Helena_to_QM_fitted_v7.blend", skipping 'mustard_ui.py'

Blender quit
