00:02.250  blend            | Read blend: "E:\MOdel\Helena_to_QM_fitted_v11.blend"
Cannot read ARP prefs
Update armature presets...

=== voxelize_mustardui ===
  out_dir: public/box5/qm_mustardui
  resolution: 250
  mesh: Helena Default - Dress (fit QM v11)
  prefix: helena_default_dress
  surface-threshold: 0.9 (× voxel_size)
  Armature: QueenMarika_rig (853 bones)
  skeleton.json exists: skip
  Visible rigged meshes: 13
  grid.json exists: 196x69x251, voxel_size=0.00705

  Target: Helena Default - Dress (fit QM v11) (12698 verts)
    Mat 'Material': HELCOS001_A02_KIDSALB.PNG
    Mat 'Material.004': HELCOS001_B03_KIDSALB.PNG
    Mat 'Material.005': HELCOS001_C01_KIDSOCC.PNG
  Triangulated: 24546 tris, uv=yes
  Mapped vertex groups -> bones: 24/24
  Pass 1: surface sampling (threshold = 0.9 × voxel_size)...
    surface: 54023 voxels (5.2s)
  Pass 2: parity ray cast for interior...
    column 0/196 interior so far: 0
    column 20/196 interior so far: 0
    column 40/196 interior so far: 370
    column 60/196 interior so far: 1991
    column 80/196 interior so far: 5298
    column 100/196 interior so far: 10180
    column 120/196 interior so far: 16061
    column 140/196 interior so far: 17982
    column 160/196 interior so far: 19453
    column 180/196 interior so far: 19453
    interior: 19453 voxels (1.0s)
  TOTAL: 73476 voxels
  -> public/box5/qm_mustardui\helena_default_dress.vox (196x69x251, 73476 voxels, 174 colors)
  -> public/box5/qm_mustardui\helena_default_dress.weights.json (19 unique bones)

  Top bones by voxel weight-sum:
    c_spine_03_bend.x: 13247.1
    c_root_bend.x: 9859.0
    c_thigh_stretch.l: 6337.6
    c_thigh_stretch.r: 6212.8
    c_spine_02_bend.x: 5099.0
    c_arm_stretch.l: 3832.2
    c_spine_01_bend.x: 3744.9
    c_arm_stretch.r: 3591.9
    c_forearm_stretch.r: 3080.9
    c_forearm_stretch.l: 3068.2

  Done in 19.1s
Blender 5.0.1 (hash a3db93c5b259 built 2025-12-16 01:32:30)
scripts disabled for "E:\MOdel\Helena_to_QM_fitted_v11.blend", skipping 'mustard_ui.py'

Blender quit
