00:02.828  blend            | Read blend: "E:\MOdel\Helena_to_QM_fitted_v3.blend"
Cannot read ARP prefs
Update armature presets...

=== voxelize_mustardui ===
  out_dir: public/box5/qm_mustardui
  resolution: 250
  mesh: Helena Default - Dress (fit QM v3)
  prefix: helena_default_dress
  surface-threshold: 0.9 (× voxel_size)
  Armature: QueenMarika_rig (853 bones)
  skeleton.json exists: skip
  Visible rigged meshes: 13
  grid.json exists: 196x69x251, voxel_size=0.00705

  Target: Helena Default - Dress (fit QM v3) (12698 verts)
    Mat 'Material': HELCOS001_A02_KIDSALB.PNG
    Mat 'Material.004': HELCOS001_B03_KIDSALB.PNG
    Mat 'Material.005': HELCOS001_C01_KIDSOCC.PNG
  Triangulated: 24546 tris, uv=yes
  Mapped vertex groups -> bones: 24/24
  Pass 1: surface sampling (threshold = 0.9 × voxel_size)...
    surface: 56366 voxels (5.6s)
  Pass 2: parity ray cast for interior...
    column 0/196 interior so far: 0
    column 20/196 interior so far: 0
    column 40/196 interior so far: 408
    column 60/196 interior so far: 2127
    column 80/196 interior so far: 5711
    column 100/196 interior so far: 9870
    column 120/196 interior so far: 14892
    column 140/196 interior so far: 16710
    column 160/196 interior so far: 18280
    column 180/196 interior so far: 18300
    interior: 18300 voxels (1.0s)
  TOTAL: 74666 voxels
  -> public/box5/qm_mustardui\helena_default_dress.vox (196x69x251, 74666 voxels, 161 colors)
  -> public/box5/qm_mustardui\helena_default_dress.weights.json (19 unique bones)

  Top bones by voxel weight-sum:
    c_spine_03_bend.x: 13243.4
    c_root_bend.x: 11229.7
    c_thigh_stretch.r: 6278.4
    c_thigh_stretch.l: 5773.5
    c_spine_02_bend.x: 5431.3
    c_spine_01_bend.x: 4315.3
    c_arm_stretch.l: 4120.8
    c_arm_stretch.r: 3785.6
    c_forearm_stretch.r: 3247.1
    c_forearm_stretch.l: 3220.3

  Done in 19.1s
Blender 5.0.1 (hash a3db93c5b259 built 2025-12-16 01:32:30)
scripts disabled for "E:\MOdel\Helena_to_QM_fitted_v3.blend", skipping 'mustard_ui.py'

Blender quit
