00:02.516  blend            | Read blend: "E:\MOdel\Helena_to_QM_fitted_v5.blend"
Cannot read ARP prefs
Update armature presets...

=== voxelize_mustardui ===
  out_dir: public/box5/qm_mustardui
  resolution: 250
  mesh: Helena Default - Dress (fit QM v5)
  prefix: helena_default_dress
  surface-threshold: 0.9 (× voxel_size)
  Armature: QueenMarika_rig (853 bones)
  skeleton.json exists: skip
  Visible rigged meshes: 13
  grid.json exists: 196x69x251, voxel_size=0.00705

  Target: Helena Default - Dress (fit QM v5) (12698 verts)
    Mat 'Material': HELCOS001_A02_KIDSALB.PNG
    Mat 'Material.004': HELCOS001_B03_KIDSALB.PNG
    Mat 'Material.005': HELCOS001_C01_KIDSOCC.PNG
  Triangulated: 24546 tris, uv=yes
  Mapped vertex groups -> bones: 24/24
  Pass 1: surface sampling (threshold = 0.9 × voxel_size)...
    surface: 53920 voxels (5.7s)
  Pass 2: parity ray cast for interior...
    column 0/196 interior so far: 0
    column 20/196 interior so far: 0
    column 40/196 interior so far: 389
    column 60/196 interior so far: 1908
    column 80/196 interior so far: 6078
    column 100/196 interior so far: 12372
    column 120/196 interior so far: 19381
    column 140/196 interior so far: 21487
    column 160/196 interior so far: 22949
    column 180/196 interior so far: 22949
    interior: 22949 voxels (1.3s)
  TOTAL: 76869 voxels
  -> public/box5/qm_mustardui\helena_default_dress.vox (196x69x251, 76869 voxels, 167 colors)
  -> public/box5/qm_mustardui\helena_default_dress.weights.json (19 unique bones)

  Top bones by voxel weight-sum:
    c_spine_03_bend.x: 13387.6
    c_root_bend.x: 10665.3
    c_thigh_stretch.l: 7094.0
    c_thigh_stretch.r: 6754.9
    c_spine_02_bend.x: 5358.4
    c_spine_01_bend.x: 4012.7
    c_arm_stretch.l: 3617.1
    c_arm_stretch.r: 3397.4
    c_forearm_stretch.r: 3125.8
    c_forearm_stretch.l: 3101.3

  Done in 20.1s
Blender 5.0.1 (hash a3db93c5b259 built 2025-12-16 01:32:30)
scripts disabled for "E:\MOdel\Helena_to_QM_fitted_v5.blend", skipping 'mustard_ui.py'

Blender quit
