00:02.203  blend            | Read blend: "E:\MOdel\Helena_to_QM_fitted_v10.blend"
Cannot read ARP prefs
Update armature presets...

=== voxelize_mustardui ===
  out_dir: public/box5/qm_mustardui
  resolution: 250
  mesh: Helena Default - Dress (fit QM v10)
  prefix: helena_default_dress
  surface-threshold: 0.9 (× voxel_size)
  Armature: QueenMarika_rig (853 bones)
  skeleton.json exists: skip
  Visible rigged meshes: 13
  grid.json exists: 196x69x251, voxel_size=0.00705

  Target: Helena Default - Dress (fit QM v10) (12698 verts)
    Mat 'Material': HELCOS001_A02_KIDSALB.PNG
    Mat 'Material.004': HELCOS001_B03_KIDSALB.PNG
    Mat 'Material.005': HELCOS001_C01_KIDSOCC.PNG
  Triangulated: 24546 tris, uv=yes
  Mapped vertex groups -> bones: 24/24
  Pass 1: surface sampling (threshold = 0.9 × voxel_size)...
    surface: 69174 voxels (5.5s)
  Pass 2: parity ray cast for interior...
    column 0/196 interior so far: 0
    column 20/196 interior so far: 0
    column 40/196 interior so far: 62
    column 60/196 interior so far: 1132
    column 80/196 interior so far: 4750
    column 100/196 interior so far: 13491
    column 120/196 interior so far: 21853
    column 140/196 interior so far: 23332
    column 160/196 interior so far: 24088
    column 180/196 interior so far: 24088
    interior: 24088 voxels (1.1s)
  TOTAL: 93262 voxels
  -> public/box5/qm_mustardui\helena_default_dress.vox (196x69x251, 93262 voxels, 187 colors)
  -> public/box5/qm_mustardui\helena_default_dress.weights.json (19 unique bones)

  Top bones by voxel weight-sum:
    c_root_bend.x: 20752.1
    c_thigh_stretch.r: 10485.5
    c_thigh_stretch.l: 9469.1
    c_spine_03_bend.x: 8027.4
    c_spine_02_bend.x: 5539.2
    c_spine_01_bend.x: 4645.1
    breast_l: 3048.2
    c_arm_stretch.r: 2917.2
    c_arm_stretch.l: 2909.9
    breast_r: 2645.9

  Done in 18.9s
Blender 5.0.1 (hash a3db93c5b259 built 2025-12-16 01:32:30)
scripts disabled for "E:\MOdel\Helena_to_QM_fitted_v10.blend", skipping 'mustard_ui.py'

Blender quit
