00:02.344  blend            | Read blend: "E:\MOdel\Helena_to_QM_fitted_v9.blend"
Cannot read ARP prefs
Update armature presets...

=== voxelize_mustardui ===
  out_dir: public/box5/qm_mustardui
  resolution: 250
  mesh: Helena Default - Dress (fit QM v9)
  prefix: helena_default_dress
  surface-threshold: 0.9 (× voxel_size)
  Armature: QueenMarika_rig (853 bones)
  skeleton.json exists: skip
  Visible rigged meshes: 13
  grid.json exists: 196x69x251, voxel_size=0.00705

  Target: Helena Default - Dress (fit QM v9) (12698 verts)
    Mat 'Material': HELCOS001_A02_KIDSALB.PNG
    Mat 'Material.004': HELCOS001_B03_KIDSALB.PNG
    Mat 'Material.005': HELCOS001_C01_KIDSOCC.PNG
  Triangulated: 24546 tris, uv=yes
  Mapped vertex groups -> bones: 24/24
  Pass 1: surface sampling (threshold = 0.9 × voxel_size)...
    surface: 32630 voxels (4.1s)
  Pass 2: parity ray cast for interior...
    column 0/196 interior so far: 0
    column 20/196 interior so far: 0
    column 40/196 interior so far: 271
    column 60/196 interior so far: 1367
    column 80/196 interior so far: 3851
    column 100/196 interior so far: 7203
    column 120/196 interior so far: 11175
    column 140/196 interior so far: 12513
    column 160/196 interior so far: 13483
    column 180/196 interior so far: 13483
    interior: 13483 voxels (0.6s)
  TOTAL: 46113 voxels
  -> public/box5/qm_mustardui\helena_default_dress.vox (196x69x251, 46113 voxels, 166 colors)
  -> public/box5/qm_mustardui\helena_default_dress.weights.json (19 unique bones)

  Top bones by voxel weight-sum:
    c_spine_03_bend.x: 9479.5
    c_root_bend.x: 6368.5
    c_thigh_stretch.l: 4141.5
    c_thigh_stretch.r: 3315.7
    c_spine_02_bend.x: 3157.7
    c_arm_stretch.l: 2940.1
    c_arm_stretch.r: 2774.5
    c_spine_01_bend.x: 2138.4
    breast_l: 1759.8
    breast_r: 1731.4

  Done in 15.5s
Blender 5.0.1 (hash a3db93c5b259 built 2025-12-16 01:32:30)
scripts disabled for "E:\MOdel\Helena_to_QM_fitted_v9.blend", skipping 'mustard_ui.py'

Blender quit
